VotingSystemandroidstudio/app/build/intermediates/manifest_merge_blame_file/debug/manifest-merger-blame-debug-report.txt
1<?xml version="1.0" encoding="utf-8"?>
2<manifest xmlns:android="http://schemas.android.com/apk/res/android"
3    package="com.example.votingsystem"
4    android:versionCode="1"
5    android:versionName="1.0" >
6
7    <uses-sdk
7-->src\main\AndroidManifest.xml:7:5-9:41
8        android:minSdkVersion="19"
8-->src\main\AndroidManifest.xml:8:9-35
9        android:targetSdkVersion="30" />
9-->src\main\AndroidManifest.xml:9:9-38
10
11    <uses-permission android:name="android.permission.INTERNET" />
11-->src\main\AndroidManifest.xml:10:5-66
11-->src\main\AndroidManifest.xml:10:22-64
12    <uses-permission android:name="android.permission.WRITE_EXTERNAL_STORAGE" />
12-->src\main\AndroidManifest.xml:11:5-80
12-->src\main\AndroidManifest.xml:11:22-78
13    <uses-permission android:name="android.permission.READ_EXTERNAL_STORAGE" />
13-->src\main\AndroidManifest.xml:12:5-79
13-->src\main\AndroidManifest.xml:12:22-77
14    <uses-permission android:name="android.permission.CAMERA" />
14-->src\main\AndroidManifest.xml:13:5-64
14-->src\main\AndroidManifest.xml:13:22-62
15
16    <application
16-->src\main\AndroidManifest.xml:15:5-56:19
17        android:allowBackup="true"
17-->src\main\AndroidManifest.xml:16:9-35
18        android:debuggable="true"
19        android:icon="@drawable/votebackground"
19-->src\main\AndroidManifest.xml:17:9-48
20        android:label="@string/app_name"
20-->src\main\AndroidManifest.xml:18:9-41
21        android:requestLegacyExternalStorage="true"
21-->src\main\AndroidManifest.xml:20:9-52
22        android:theme="@style/AppTheme"
22-->src\main\AndroidManifest.xml:21:9-40
23        android:usesCleartextTraffic="true" >
23-->src\main\AndroidManifest.xml:19:9-44
24        <activity
24-->src\main\AndroidManifest.xml:22:9-26:20
25            android:name="com.example.votingsystem.MainActivity"
25-->src\main\AndroidManifest.xml:23:13-65
26            android:label="@string/app_name" >
26-->src\main\AndroidManifest.xml:24:13-45
27        </activity>
28        <activity android:name="com.example.votingsystem.IPsettings" >
28-->src\main\AndroidManifest.xml:27:9-33:20
28-->src\main\AndroidManifest.xml:27:19-69
29            <intent-filter>
29-->src\main\AndroidManifest.xml:28:13-32:29
30                <action android:name="android.intent.action.MAIN" />
30-->src\main\AndroidManifest.xml:29:17-69
30-->src\main\AndroidManifest.xml:29:25-66
31
32                <category android:name="android.intent.category.LAUNCHER" />
32-->src\main\AndroidManifest.xml:31:17-77
32-->src\main\AndroidManifest.xml:31:27-74
33            </intent-filter>
34        </activity>
35        <activity android:name="com.example.votingsystem.Login" />
35-->src\main\AndroidManifest.xml:34:9-76
35-->src\main\AndroidManifest.xml:34:19-64
36        <activity android:name="com.example.votingsystem.Home" />
36-->src\main\AndroidManifest.xml:35:9-75
36-->src\main\AndroidManifest.xml:35:19-63
37        <activity
37-->src\main\AndroidManifest.xml:36:9-39:20
38            android:name="com.example.votingsystem.ViewCategory"
38-->src\main\AndroidManifest.xml:37:13-65
39            android:label="@string/title_activity_view_category" >
39-->src\main\AndroidManifest.xml:38:13-65
40        </activity>
41        <activity
41-->src\main\AndroidManifest.xml:40:9-43:20
42            android:name="com.example.votingsystem.ViewCadidates"
42-->src\main\AndroidManifest.xml:41:13-66
43            android:label="@string/title_activity_view_cadidates" >
43-->src\main\AndroidManifest.xml:42:13-66
44        </activity>
45        <activity
45-->src\main\AndroidManifest.xml:44:9-47:20
46            android:name="com.example.votingsystem.ViewResult"
46-->src\main\AndroidManifest.xml:45:13-63
47            android:label="@string/title_activity_view_result" >
47-->src\main\AndroidManifest.xml:46:13-63
48        </activity>
49        <activity
49-->src\main\AndroidManifest.xml:48:9-51:20
50            android:name="com.example.votingsystem.Viewvotingstatus"
50-->src\main\AndroidManifest.xml:49:13-69
51            android:label="@string/title_activity_viewvotingstatus" >
51-->src\main\AndroidManifest.xml:50:13-68
52        </activity>
53        <activity
53-->src\main\AndroidManifest.xml:52:9-55:20
54            android:name="com.example.votingsystem.MakeVote"
54-->src\main\AndroidManifest.xml:53:13-61
55            android:label="@string/title_activity_make_vote" >
55-->src\main\AndroidManifest.xml:54:13-61
56        </activity>
57    </application>
58
59</manifest>